Start testing: Aug 08 15:50 CST
----------------------------------------------------------
1/1 Testing: netp2_smoke_test
1/1 Test: netp2_smoke_test
Command: "/Users/weyou/work/netp2/build/netp2_smoke_test"
Directory: /Users/weyou/work/netp2/build
"netp2_smoke_test" start time: Aug 08 15:50 CST
Output:
----------------------------------------------------------
<end of output>
Test time =   0.71 sec
----------------------------------------------------------
Test Passed.
"netp2_smoke_test" end time: Aug 08 15:50 CST
"netp2_smoke_test" time elapsed: 00:00:00
----------------------------------------------------------

End testing: Aug 08 15:50 CST
