Start testing: Aug 08 15:54 CST
----------------------------------------------------------
1/1 Testing: netp2_smoke_test
1/1 Test: netp2_smoke_test
Command: "/Users/weyou/work/netp2/build-asan/netp2_smoke_test"
Directory: /Users/weyou/work/netp2/build-asan
"netp2_smoke_test" start time: Aug 08 15:54 CST
Output:
----------------------------------------------------------
<end of output>
Test time =   1.28 sec
----------------------------------------------------------
Test Passed.
"netp2_smoke_test" end time: Aug 08 15:54 CST
"netp2_smoke_test" time elapsed: 00:00:01
----------------------------------------------------------

End testing: Aug 08 15:54 CST
